Arguments: Array 0 100 8 10
Arguments: Array 0 100 8 1000
Arguments: Array 0 100 8 100000
Arguments: Array 0 100 8 10000000
Arguments: Array 0 100 512 10
Arguments: Array 0 100 512 1000
Arguments: Array 0 100 512 100000
Arguments: Array 0 100 512 10000000
Arguments: Array 0 100 8192 10
Arguments: Array 0 100 8192 1000
Arguments: Array 0 100 8192 100000
Arguments: Array 0 100 8192 10000000
Arguments: Array 0 99 8 10
Arguments: Array 0 99 8 1000
Arguments: Array 0 99 8 100000
Arguments: Array 0 99 8 10000000
Arguments: Array 0 99 512 10
Arguments: Array 0 99 512 1000
Arguments: Array 0 99 512 100000
Arguments: Array 0 99 512 10000000
Arguments: Array 0 99 8192 10
Arguments: Array 0 99 8192 1000
Arguments: Array 0 99 8192 100000
Arguments: Array 0 99 8192 10000000
Arguments: Array 0 90 8 10
Arguments: Array 0 90 8 1000
Arguments: Array 0 90 8 100000
Arguments: Array 0 90 8 10000000
Arguments: Array 0 90 512 10
Arguments: Array 0 90 512 1000
Arguments: Array 0 90 512 100000
Arguments: Array 0 90 512 10000000
Arguments: Array 0 90 8192 10
Arguments: Array 0 90 8192 1000
Arguments: Array 0 90 8192 100000
Arguments: Array 0 90 8192 10000000
Arguments: Array 0 50 8 10
Arguments: Array 0 50 8 1000
Arguments: Array 0 50 8 100000
Arguments: Array 0 50 8 10000000
Arguments: Array 0 50 512 10
Arguments: Array 0 50 512 1000
Arguments: Array 0 50 512 100000
Arguments: Array 0 50 512 10000000
Arguments: Array 0 50 8192 10
Arguments: Array 0 50 8192 1000
Arguments: Array 0 50 8192 100000
Arguments: Array 0 50 8192 10000000
Arguments: Array 1 100 8 10
Arguments: Array 1 100 8 1000
Arguments: Array 1 100 8 100000
Arguments: Array 1 100 8 10000000
Arguments: Array 1 100 512 10
Arguments: Array 1 100 512 1000
Arguments: Array 1 100 512 100000
Arguments: Array 1 100 512 10000000
Arguments: Array 1 100 8192 10
Arguments: Array 1 100 8192 1000
Arguments: Array 1 100 8192 100000
Arguments: Array 1 100 8192 10000000
Arguments: Array 1 99 8 10
Arguments: Array 1 99 8 1000
Arguments: Array 1 99 8 100000
Arguments: Array 1 99 8 10000000
Arguments: Array 1 99 512 10
Arguments: Array 1 99 512 1000
Arguments: Array 1 99 512 100000
Arguments: Array 1 99 512 10000000
Arguments: Array 1 99 8192 10
Arguments: Array 1 99 8192 1000
Arguments: Array 1 99 8192 100000
Arguments: Array 1 99 8192 10000000
Arguments: Array 1 90 8 10
Arguments: Array 1 90 8 1000
Arguments: Array 1 90 8 100000
Arguments: Array 1 90 8 10000000
Arguments: Array 1 90 512 10
Arguments: Array 1 90 512 1000
Arguments: Array 1 90 512 100000
Arguments: Array 1 90 512 10000000
Arguments: Array 1 90 8192 10
Arguments: Array 1 90 8192 1000
Arguments: Array 1 90 8192 100000
Arguments: Array 1 90 8192 10000000
Arguments: Array 1 50 8 10
Arguments: Array 1 50 8 1000
Arguments: Array 1 50 8 100000
Arguments: Array 1 50 8 10000000
Arguments: Array 1 50 512 10
Arguments: Array 1 50 512 1000
Arguments: Array 1 50 512 100000
Arguments: Array 1 50 512 10000000
Arguments: Array 1 50 8192 10
Arguments: Array 1 50 8192 1000
Arguments: Array 1 50 8192 100000
Arguments: Array 1 50 8192 10000000
Arguments: Array 10 100 8 10
Arguments: Array 10 100 8 1000
Arguments: Array 10 100 8 100000
Arguments: Array 10 100 8 10000000
Arguments: Array 10 100 512 10
Arguments: Array 10 100 512 1000
Arguments: Array 10 100 512 100000
Arguments: Array 10 100 512 10000000
Arguments: Array 10 100 8192 10
Arguments: Array 10 100 8192 1000
Arguments: Array 10 100 8192 100000
Arguments: Array 10 100 8192 10000000
Arguments: Array 10 99 8 10
Arguments: Array 10 99 8 1000
Arguments: Array 10 99 8 100000
Arguments: Array 10 99 8 10000000
Arguments: Array 10 99 512 10
Arguments: Array 10 99 512 1000
Arguments: Array 10 99 512 100000
Arguments: Array 10 99 512 10000000
Arguments: Array 10 99 8192 10
Arguments: Array 10 99 8192 1000
Arguments: Array 10 99 8192 100000
Arguments: Array 10 99 8192 10000000
Arguments: Array 10 90 8 10
Arguments: Array 10 90 8 1000
Arguments: Array 10 90 8 100000
Arguments: Array 10 90 8 10000000
Arguments: Array 10 90 512 10
Arguments: Array 10 90 512 1000
Arguments: Array 10 90 512 100000
Arguments: Array 10 90 512 10000000
Arguments: Array 10 90 8192 10
Arguments: Array 10 90 8192 1000
Arguments: Array 10 90 8192 100000
Arguments: Array 10 90 8192 10000000
Arguments: Array 10 50 8 10
Arguments: Array 10 50 8 1000
Arguments: Array 10 50 8 100000
Arguments: Array 10 50 8 10000000
Arguments: Array 10 50 512 10
Arguments: Array 10 50 512 1000
Arguments: Array 10 50 512 100000
Arguments: Array 10 50 512 10000000
Arguments: Array 10 50 8192 10
Arguments: Array 10 50 8192 1000
Arguments: Array 10 50 8192 100000
Arguments: Array 10 50 8192 10000000
Arguments: Array 50 100 8 10
Arguments: Array 50 100 8 1000
Arguments: Array 50 100 8 100000
Arguments: Array 50 100 8 10000000
Arguments: Array 50 100 512 10
Arguments: Array 50 100 512 1000
Arguments: Array 50 100 512 100000
Arguments: Array 50 100 512 10000000
Arguments: Array 50 100 8192 10
Arguments: Array 50 100 8192 1000
Arguments: Array 50 100 8192 100000
Arguments: Array 50 100 8192 10000000
Arguments: Array 50 99 8 10
Arguments: Array 50 99 8 1000
Arguments: Array 50 99 8 100000
Arguments: Array 50 99 8 10000000
Arguments: Array 50 99 512 10
Arguments: Array 50 99 512 1000
Arguments: Array 50 99 512 100000
Arguments: Array 50 99 512 10000000
Arguments: Array 50 99 8192 10
Arguments: Array 50 99 8192 1000
Arguments: Array 50 99 8192 100000
Arguments: Array 50 99 8192 10000000
Arguments: Array 50 90 8 10
Arguments: Array 50 90 8 1000
Arguments: Array 50 90 8 100000
Arguments: Array 50 90 8 10000000
Arguments: Array 50 90 512 10
Arguments: Array 50 90 512 1000
Arguments: Array 50 90 512 100000
Arguments: Array 50 90 512 10000000
Arguments: Array 50 90 8192 10
Arguments: Array 50 90 8192 1000
Arguments: Array 50 90 8192 100000
Arguments: Array 50 90 8192 10000000
Arguments: Array 50 50 8 10
Arguments: Array 50 50 8 1000
Arguments: Array 50 50 8 100000
Arguments: Array 50 50 8 10000000
Arguments: Array 50 50 512 10
Arguments: Array 50 50 512 1000
Arguments: Array 50 50 512 100000
Arguments: Array 50 50 512 10000000
Arguments: Array 50 50 8192 10
Arguments: Array 50 50 8192 1000
Arguments: Array 50 50 8192 100000
Arguments: Array 50 50 8192 10000000
Arguments: LinkedList 0 100 8 10
Arguments: LinkedList 0 100 8 1000
Arguments: LinkedList 0 100 8 100000
Arguments: LinkedList 0 100 8 10000000
Arguments: LinkedList 0 100 512 10
Arguments: LinkedList 0 100 512 1000
Arguments: LinkedList 0 100 512 100000
Arguments: LinkedList 0 100 512 10000000
Arguments: LinkedList 0 100 8192 10
Arguments: LinkedList 0 100 8192 1000
Arguments: LinkedList 0 100 8192 100000
Arguments: LinkedList 0 100 8192 10000000
Arguments: LinkedList 0 99 8 10
Arguments: LinkedList 0 99 8 1000
Arguments: LinkedList 0 99 8 100000
Arguments: LinkedList 0 99 8 10000000
Arguments: LinkedList 0 99 512 10
Arguments: LinkedList 0 99 512 1000
Arguments: LinkedList 0 99 512 100000
Arguments: LinkedList 0 99 512 10000000
Arguments: LinkedList 0 99 8192 10
Arguments: LinkedList 0 99 8192 1000
Arguments: LinkedList 0 99 8192 100000
Arguments: LinkedList 0 99 8192 10000000
Arguments: LinkedList 0 90 8 10
Arguments: LinkedList 0 90 8 1000
Arguments: LinkedList 0 90 8 100000
Arguments: LinkedList 0 90 8 10000000
Arguments: LinkedList 0 90 512 10
Arguments: LinkedList 0 90 512 1000
Arguments: LinkedList 0 90 512 100000
Arguments: LinkedList 0 90 512 10000000
Arguments: LinkedList 0 90 8192 10
Arguments: LinkedList 0 90 8192 1000
Arguments: LinkedList 0 90 8192 100000
Arguments: LinkedList 0 90 8192 10000000
Arguments: LinkedList 0 50 8 10
Arguments: LinkedList 0 50 8 1000
Arguments: LinkedList 0 50 8 100000
Arguments: LinkedList 0 50 8 10000000
Arguments: LinkedList 0 50 512 10
Arguments: LinkedList 0 50 512 1000
Arguments: LinkedList 0 50 512 100000
Arguments: LinkedList 0 50 512 10000000
Arguments: LinkedList 0 50 8192 10
Arguments: LinkedList 0 50 8192 1000
Arguments: LinkedList 0 50 8192 100000
Arguments: LinkedList 0 50 8192 10000000
Arguments: LinkedList 1 100 8 10
Arguments: LinkedList 1 100 8 1000
Arguments: LinkedList 1 100 8 100000
Arguments: LinkedList 1 100 8 10000000
Arguments: LinkedList 1 100 512 10
Arguments: LinkedList 1 100 512 1000
Arguments: LinkedList 1 100 512 100000
Arguments: LinkedList 1 100 512 10000000
Arguments: LinkedList 1 100 8192 10
Arguments: LinkedList 1 100 8192 1000
Arguments: LinkedList 1 100 8192 100000
Arguments: LinkedList 1 100 8192 10000000
Arguments: LinkedList 1 99 8 10
Arguments: LinkedList 1 99 8 1000
Arguments: LinkedList 1 99 8 100000
Arguments: LinkedList 1 99 8 10000000
Arguments: LinkedList 1 99 512 10
Arguments: LinkedList 1 99 512 1000
Arguments: LinkedList 1 99 512 100000
Arguments: LinkedList 1 99 512 10000000
Arguments: LinkedList 1 99 8192 10
Arguments: LinkedList 1 99 8192 1000
Arguments: LinkedList 1 99 8192 100000
Arguments: LinkedList 1 99 8192 10000000
Arguments: LinkedList 1 90 8 10
Arguments: LinkedList 1 90 8 1000
Arguments: LinkedList 1 90 8 100000
Arguments: LinkedList 1 90 8 10000000
Arguments: LinkedList 1 90 512 10
Arguments: LinkedList 1 90 512 1000
Arguments: LinkedList 1 90 512 100000
Arguments: LinkedList 1 90 512 10000000
Arguments: LinkedList 1 90 8192 10
Arguments: LinkedList 1 90 8192 1000
Arguments: LinkedList 1 90 8192 100000
Arguments: LinkedList 1 90 8192 10000000
Arguments: LinkedList 1 50 8 10
Arguments: LinkedList 1 50 8 1000
Arguments: LinkedList 1 50 8 100000
Arguments: LinkedList 1 50 8 10000000
Arguments: LinkedList 1 50 512 10
Arguments: LinkedList 1 50 512 1000
Arguments: LinkedList 1 50 512 100000
Arguments: LinkedList 1 50 512 10000000
Arguments: LinkedList 1 50 8192 10
Arguments: LinkedList 1 50 8192 1000
Arguments: LinkedList 1 50 8192 100000
Arguments: LinkedList 1 50 8192 10000000
Arguments: LinkedList 10 100 8 10
Arguments: LinkedList 10 100 8 1000
Arguments: LinkedList 10 100 8 100000
Arguments: LinkedList 10 100 8 10000000
Arguments: LinkedList 10 100 512 10
Arguments: LinkedList 10 100 512 1000
Arguments: LinkedList 10 100 512 100000
Arguments: LinkedList 10 100 512 10000000
Arguments: LinkedList 10 100 8192 10
Arguments: LinkedList 10 100 8192 1000
Arguments: LinkedList 10 100 8192 100000
Arguments: LinkedList 10 100 8192 10000000
Arguments: LinkedList 10 99 8 10
Arguments: LinkedList 10 99 8 1000
Arguments: LinkedList 10 99 8 100000
Arguments: LinkedList 10 99 8 10000000
Arguments: LinkedList 10 99 512 10
Arguments: LinkedList 10 99 512 1000
Arguments: LinkedList 10 99 512 100000
Arguments: LinkedList 10 99 512 10000000
Arguments: LinkedList 10 99 8192 10
Arguments: LinkedList 10 99 8192 1000
Arguments: LinkedList 10 99 8192 100000
Arguments: LinkedList 10 99 8192 10000000
Arguments: LinkedList 10 90 8 10
Arguments: LinkedList 10 90 8 1000
Arguments: LinkedList 10 90 8 100000
Arguments: LinkedList 10 90 8 10000000
Arguments: LinkedList 10 90 512 10
Arguments: LinkedList 10 90 512 1000
Arguments: LinkedList 10 90 512 100000
Arguments: LinkedList 10 90 512 10000000
Arguments: LinkedList 10 90 8192 10
Arguments: LinkedList 10 90 8192 1000
Arguments: LinkedList 10 90 8192 100000
Arguments: LinkedList 10 90 8192 10000000
Arguments: LinkedList 10 50 8 10
Arguments: LinkedList 10 50 8 1000
Arguments: LinkedList 10 50 8 100000
Arguments: LinkedList 10 50 8 10000000
Arguments: LinkedList 10 50 512 10
Arguments: LinkedList 10 50 512 1000
Arguments: LinkedList 10 50 512 100000
Arguments: LinkedList 10 50 512 10000000
Arguments: LinkedList 10 50 8192 10
Arguments: LinkedList 10 50 8192 1000
Arguments: LinkedList 10 50 8192 100000
Arguments: LinkedList 10 50 8192 10000000
Arguments: LinkedList 50 100 8 10
Arguments: LinkedList 50 100 8 1000
Arguments: LinkedList 50 100 8 100000
Arguments: LinkedList 50 100 8 10000000
Arguments: LinkedList 50 100 512 10
Arguments: LinkedList 50 100 512 1000
Arguments: LinkedList 50 100 512 100000
Arguments: LinkedList 50 100 512 10000000
Arguments: LinkedList 50 100 8192 10
Arguments: LinkedList 50 100 8192 1000
Arguments: LinkedList 50 100 8192 100000
Arguments: LinkedList 50 100 8192 10000000
Arguments: LinkedList 50 99 8 10
Arguments: LinkedList 50 99 8 1000
Arguments: LinkedList 50 99 8 100000
Arguments: LinkedList 50 99 8 10000000
Arguments: LinkedList 50 99 512 10
Arguments: LinkedList 50 99 512 1000
Arguments: LinkedList 50 99 512 100000
Arguments: LinkedList 50 99 512 10000000
Arguments: LinkedList 50 99 8192 10
Arguments: LinkedList 50 99 8192 1000
Arguments: LinkedList 50 99 8192 100000
Arguments: LinkedList 50 99 8192 10000000
Arguments: LinkedList 50 90 8 10
Arguments: LinkedList 50 90 8 1000
Arguments: LinkedList 50 90 8 100000
Arguments: LinkedList 50 90 8 10000000
Arguments: LinkedList 50 90 512 10
Arguments: LinkedList 50 90 512 1000
Arguments: LinkedList 50 90 512 100000
Arguments: LinkedList 50 90 512 10000000
Arguments: LinkedList 50 90 8192 10
Arguments: LinkedList 50 90 8192 1000
Arguments: LinkedList 50 90 8192 100000
Arguments: LinkedList 50 90 8192 10000000
Arguments: LinkedList 50 50 8 10
Arguments: LinkedList 50 50 8 1000
Arguments: LinkedList 50 50 8 100000
Arguments: LinkedList 50 50 8 10000000
Arguments: LinkedList 50 50 512 10
Arguments: LinkedList 50 50 512 1000
Arguments: LinkedList 50 50 512 100000
Arguments: LinkedList 50 50 512 10000000
Arguments: LinkedList 50 50 8192 10
Arguments: LinkedList 50 50 8192 1000
Arguments: LinkedList 50 50 8192 100000
Arguments: LinkedList 50 50 8192 10000000
